[debug] > Exec(early(addDefaultCommands), None, None)
[debug] > Exec(addDefaultCommands, None, None)
[debug] > Exec(early(initialize), None, None)
[debug] > Exec(initialize, None, None)
[debug] > Exec(boot, None, None)
[debug] > Exec(writeSbtVersion, None, None)
[debug] > Exec(reload, None, None)
[debug] > Exec(sbtStashOnFailure, None, None)
[debug] > Exec(onFailure loadFailed, None, None)
[debug] > Exec(loadp, None, None)
[info] welcome to sbt 1.5.6 (Ubuntu Java 11.0.11)
[debug] Load.defaultLoad until apply took 4907.892459ms
[debug]           Load.loadUnit: plugins took 632.857691ms
[debug]           Load.loadUnit: defsScala took 0.462576ms
[debug] [Loading] Scanning directory /home/shashwat/IdeaProjects/OOPS Assingnment 1/project
[debug] [Loading] Found non-root projects 
[debug] [Loading] Done in /home/shashwat/IdeaProjects/OOPS Assingnment 1/project, returning: ()
[debug] deducing auto plugins based on known facts Set(Atom(sbt.plugins.CorePlugin)) and clauses Clauses(Clause(Atom(sbt.plugins.JvmPlugin),Set(Atom(sbt.plugins.IvyPlugin)))
[debug] Clause(Atom(sbt.ScriptedPlugin),Set(Atom(sbt.plugins.JvmPlugin)))
[debug] Clause(Atom(sbt.plugins.SbtPlugin),Set(Atom(sbt.ScriptedPlugin)))
[debug] Clause(Atom(sbt.plugins.SemanticdbPlugin),Set(Atom(sbt.plugins.JvmPlugin)))
[debug] Clause(Atom(sbt.plugins.JUnitXmlReportPlugin),Set(Atom(sbt.plugins.JvmPlugin)))
[debug] Clause(Atom(sbt.plugins.MiniDependencyTreePlugin),Set(Atom(sbt.plugins.JvmPlugin)))
[debug] Clause(Atom(sbt.plugins.CorePlugin),Set(Atom(sbt.plugins.IvyPlugin)))
[debug] Clause(Atom(sbt.plugins.IvyPlugin),Set(Atom(sbt.plugins.JvmPlugin)))
[debug] Clause(Atom(sbt.plugins.JvmPlugin),Set(Atom(sbt.plugins.SemanticdbPlugin)))
[debug] Clause(Atom(sbt.plugins.JvmPlugin),Set(Atom(sbt.plugins.JUnitXmlReportPlugin)))
[debug] Clause(Atom(sbt.plugins.CorePlugin),Set(Atom(sbt.plugins.Giter8TemplatePlugin)))
[debug] Clause(Atom(sbt.plugins.JvmPlugin),Set(Atom(sbt.plugins.MiniDependencyTreePlugin))))
[debug]   :: deduced result: Matched(sbt.plugins.CorePlugin,sbt.plugins.Giter8TemplatePlugin,sbt.plugins.IvyPlugin,sbt.plugins.JvmPlugin,sbt.plugins.MiniDependencyTreePlugin,sbt.plugins.JUnitXmlReportPlugin,sbt.plugins.SemanticdbPlugin)
[debug] Plugins.deducer#function took 274.120222 ms
[debug]               Load.resolveProject(oops-assingnment-1-build) took 2817.671972ms
[debug]             Load.loadTransitive: finalizeProject(Project(id oops-assingnment-1-build, base: /home/shashwat/IdeaProjects/OOPS Assingnment 1/project, plugins: List(<none>))) took 3420.035596ms
[debug] [Loading] Done in /home/shashwat/IdeaProjects/OOPS Assingnment 1/project, returning: (oops-assingnment-1-build)
[debug]           Load.loadUnit: loadedProjectsRaw took 3679.978284ms
[debug]           Load.loadUnit: cleanEvalClasses took 2.438095ms
[debug]         Load.loadUnit(file:/home/shashwat/IdeaProjects/OOPS%20Assingnment%201/project/, ...) took 4359.279789ms
[debug]       Load.apply: load took 5780.056963ms
[debug]       Load.apply: resolveProjects took 32.676109ms
[debug]       Load.apply: finalTransforms took 924.0054ms
[debug]       Load.apply: config.delegates took 120.127977ms
[debug]       Load.apply: Def.make(settings)... took 5341.651846ms
[debug]       Load.apply: structureIndex took 1038.045079ms
[debug]       Load.apply: mkStreams took 6.045505ms
[info] loading project definition from /home/shashwat/IdeaProjects/OOPS Assingnment 1/project
[debug] Running task... Cancel: Signal, check cycles: false, forcegc: true
[debug]     Load.loadUnit: plugins took 30525.228985ms
[debug]     Load.loadUnit: defsScala took 0.007707ms
[debug] [Loading] Scanning directory /home/shashwat/IdeaProjects/OOPS Assingnment 1
[debug]       Load.loadUnit: mkEval took 235.145356ms
[debug] [Loading] Found root project root w/ remaining 
[debug] deducing auto plugins based on known facts Set(Atom(sbt.plugins.CorePlugin)) and clauses Clauses(Clause(Atom(sbt.plugins.JvmPlugin),Set(Atom(sbt.plugins.IvyPlugin)))
[debug] Clause(Atom(sbt.ScriptedPlugin),Set(Atom(sbt.plugins.JvmPlugin)))
[debug] Clause(Atom(sbt.plugins.SbtPlugin),Set(Atom(sbt.ScriptedPlugin)))
[debug] Clause(Atom(sbt.plugins.SemanticdbPlugin),Set(Atom(sbt.plugins.JvmPlugin)))
[debug] Clause(Atom(sbt.plugins.JUnitXmlReportPlugin),Set(Atom(sbt.plugins.JvmPlugin)))
[debug] Clause(Atom(sbt.plugins.MiniDependencyTreePlugin),Set(Atom(sbt.plugins.JvmPlugin)))
[debug] Clause(Atom(sbt.plugins.CorePlugin),Set(Atom(sbt.plugins.IvyPlugin)))
[debug] Clause(Atom(sbt.plugins.IvyPlugin),Set(Atom(sbt.plugins.JvmPlugin)))
[debug] Clause(Atom(sbt.plugins.JvmPlugin),Set(Atom(sbt.plugins.SemanticdbPlugin)))
[debug] Clause(Atom(sbt.plugins.JvmPlugin),Set(Atom(sbt.plugins.JUnitXmlReportPlugin)))
[debug] Clause(Atom(sbt.plugins.CorePlugin),Set(Atom(sbt.plugins.Giter8TemplatePlugin)))
[debug] Clause(Atom(sbt.plugins.JvmPlugin),Set(Atom(sbt.plugins.MiniDependencyTreePlugin))))
[debug]   :: deduced result: Matched(sbt.plugins.CorePlugin,sbt.plugins.Giter8TemplatePlugin,sbt.plugins.IvyPlugin,sbt.plugins.JvmPlugin,sbt.plugins.MiniDependencyTreePlugin,sbt.plugins.JUnitXmlReportPlugin,sbt.plugins.SemanticdbPlugin)
[debug] Plugins.deducer#function took 17.388321 ms
[info] loading settings for project root from build.sbt ...
[debug]         Load.resolveProject(root) took 27.458549ms
[debug]       Load.loadTransitive: finalizeProject(Project(id root, base: /home/shashwat/IdeaProjects/OOPS Assingnment 1, plugins: List(<none>))) took 54.908058ms
[debug] [Loading] Done in /home/shashwat/IdeaProjects/OOPS Assingnment 1, returning: (root)
[debug]     Load.loadUnit: loadedProjectsRaw took 25205.986228ms
[debug]     Load.loadUnit: cleanEvalClasses took 23.556635ms
[debug]   Load.loadUnit(file:/home/shashwat/IdeaProjects/OOPS%20Assingnment%201/, ...) took 55762.016014ms
[debug] Load.apply: load took 55855.234411ms
[debug] Load.apply: resolveProjects took 1.595515ms
[debug] Load.apply: finalTransforms took 109.898104ms
[debug] Load.apply: config.delegates took 1.098035ms
[debug] Load.apply: Def.make(settings)... took 927.02907ms
[debug] Load.apply: structureIndex took 325.357864ms
[debug] Load.apply: mkStreams took 0.004227ms
[info] set current project to OOPS Assingnment 1 (in build file:/home/shashwat/IdeaProjects/OOPS%20Assingnment%201/)
[debug] > Exec(sbtPopOnFailure, None, None)
[debug] > Exec(resumeFromFailure, None, None)
[debug] > Exec(notifyUsersAboutShell, None, None)
[debug] > Exec(iflast shell, None, None)
[debug] > Exec(shell, None, None)
[info] sbt server started at local:///home/shashwat/.sbt/1.0/server/79e3cb8234e61e25292e/sock
[debug] Writing bsp connection file
[info] started sbt server
[info] shutting down sbt server
